2024-04-11 08:01:42,627 - INFO - Original shape: (150, 5)
2024-04-11 08:01:42,644 - INFO - Data information: None
2024-04-11 08:01:42,673 - INFO - Training set (X): (120, 4)
2024-04-11 08:01:42,673 - INFO - Testing set (X): (30, 4)
2024-04-11 08:01:42,674 - INFO - Training set (y): (120,)
2024-04-11 08:01:42,674 - INFO - Testing set (y): (30,)
2024-04-11 08:01:42,755 - INFO - EDA Completed, URL: http://DESKTOP-U1Q5OSV:40000
2024-04-11 08:01:42,806 - INFO - Features with high correlation dropped [['petal_width']] with Threshold = 0.9
2024-04-11 08:01:42,818 - INFO - Result: {'object': [], 'numerical': ['sepal_length', 'sepal_width', 'petal_length'], 'datetime': []}
2024-04-11 08:01:42,827 - INFO - Null Columns: {'object': [], 'numerical': []}
2024-04-11 08:01:42,873 - INFO - Outlier Imputation done with Winsorizer
2024-04-11 08:01:42,906 - INFO - Normalization done
2024-04-11 08:01:42,907 - INFO - Training set (X): (120, 3)
2024-04-11 08:01:42,907 - INFO - Testing set (X): (30, 3)
2024-04-11 08:01:42,907 - INFO - Training set (y): (120, 1)
2024-04-11 08:01:42,908 - INFO - Testing set (y): (30, 1)
2024-04-11 08:01:42,925 - INFO - Preprocessing Done!!!
2024-04-11 08:01:42,925 - INFO - 127.0.0.1 - - [11/Apr/2024 08:01:42] "POST /preprocess HTTP/1.1" 200 -
2024-04-11 08:01:44,595 - INFO - 127.0.0.1 - - [11/Apr/2024 08:01:44] "GET /logs HTTP/1.1" 200 -
2024-04-11 08:02:20,316 - INFO - Original shape: (150, 5)
2024-04-11 08:02:20,325 - INFO - Data information: None
2024-04-11 08:02:20,339 - INFO - Training set (X): (120, 4)
2024-04-11 08:02:20,339 - INFO - Testing set (X): (30, 4)
2024-04-11 08:02:20,339 - INFO - Training set (y): (120,)
2024-04-11 08:02:20,339 - INFO - Testing set (y): (30,)
2024-04-11 08:02:20,384 - INFO - EDA Completed, URL: http://DESKTOP-U1Q5OSV:40000
2024-04-11 08:02:20,396 - INFO - Features with high correlation dropped [['petal_width']] with Threshold = 0.9
2024-04-11 08:02:20,412 - INFO - Result: {'object': [], 'numerical': ['sepal_length', 'sepal_width', 'petal_length'], 'datetime': []}
2024-04-11 08:02:20,445 - INFO - Null Columns: {'object': [], 'numerical': []}
2024-04-11 08:02:20,495 - INFO - Outlier Imputation done with Winsorizer
2024-04-11 08:02:20,515 - INFO - Normalization done
2024-04-11 08:02:20,515 - INFO - Training set (X): (120, 3)
2024-04-11 08:02:20,515 - INFO - Testing set (X): (30, 3)
2024-04-11 08:02:20,515 - INFO - Training set (y): (120, 1)
2024-04-11 08:02:20,515 - INFO - Testing set (y): (30, 1)
2024-04-11 08:02:20,584 - INFO - Preprocessing Done!!!
