2024-04-12 12:02:37,342 - INFO - Original shape: (150, 5)
2024-04-12 12:02:37,357 - INFO - Data information: None
2024-04-12 12:02:37,367 - INFO - Training set (X): (120, 4)
2024-04-12 12:02:37,367 - INFO - Testing set (X): (30, 4)
2024-04-12 12:02:37,367 - INFO - Training set (y): (120,)
2024-04-12 12:02:37,367 - INFO - Testing set (y): (30,)
2024-04-12 12:02:37,379 - INFO - Features with high correlation dropped [['petal_width']] with Threshold = 0.9
2024-04-12 12:02:37,379 - INFO - Result: {'object': [], 'numerical': ['sepal_length', 'sepal_width', 'petal_length'], 'datetime': []}
2024-04-12 12:02:37,380 - INFO - Null Columns: {'object': [], 'numerical': []}
2024-04-12 12:02:37,399 - INFO - Outlier Imputation done with Winsorizer
2024-04-12 12:02:37,410 - INFO - Normalization done
2024-04-12 12:02:37,411 - INFO - Training set (X): (120, 3)
2024-04-12 12:02:37,411 - INFO - Testing set (X): (30, 3)
2024-04-12 12:02:37,411 - INFO - Training set (y): (120, 1)
2024-04-12 12:02:37,411 - INFO - Testing set (y): (30, 1)
2024-04-12 12:02:37,448 - INFO - Preprocessing Done!!!
2024-04-12 12:02:37,455 - INFO - 127.0.0.1 - - [12/Apr/2024 12:02:37] "POST /preprocess HTTP/1.1" 200 -
2024-04-12 12:02:57,298 - INFO - 127.0.0.1 - - [12/Apr/2024 12:02:57] "GET /show_eda HTTP/1.1" 200 -
2024-04-12 12:03:04,586 - INFO - 127.0.0.1 - - [12/Apr/2024 12:03:04] "GET /logs HTTP/1.1" 200 -
2024-04-12 12:05:29,111 - INFO -  * Detected change in 'C:\\Users\\vineet\\Desktop\\projects\\EDA project\\API-for-Data-Standarization\\try_main.py', reloading
2024-04-12 12:05:29,111 - INFO -  * Detected change in 'C:\\Users\\vineet\\Desktop\\projects\\EDA project\\API-for-Data-Standarization\\try_main.py', reloading
