2024-04-11 08:11:53,205 - INFO - Original shape: (150, 5)
2024-04-11 08:11:53,215 - INFO - Data information: None
2024-04-11 08:11:53,238 - INFO - Training set (X): (120, 4)
2024-04-11 08:11:53,239 - INFO - Testing set (X): (30, 4)
2024-04-11 08:11:53,240 - INFO - Training set (y): (120,)
2024-04-11 08:11:53,241 - INFO - Testing set (y): (30,)
2024-04-11 08:11:53,310 - INFO - EDA Completed, URL: http://DESKTOP-U1Q5OSV:40000
2024-04-11 08:11:53,377 - INFO - Features with high correlation dropped [['petal_width']] with Threshold = 0.9
2024-04-11 08:11:53,394 - INFO - Result: {'object': [], 'numerical': ['sepal_length', 'sepal_width', 'petal_length'], 'datetime': []}
2024-04-11 08:11:53,410 - INFO - Null Columns: {'object': [], 'numerical': []}
2024-04-11 08:11:53,433 - INFO - Outlier Imputation done with Winsorizer
2024-04-11 08:11:53,442 - INFO - Normalization done
2024-04-11 08:11:53,444 - INFO - Training set (X): (120, 3)
2024-04-11 08:11:53,444 - INFO - Testing set (X): (30, 3)
2024-04-11 08:11:53,444 - INFO - Training set (y): (120, 1)
2024-04-11 08:11:53,444 - INFO - Testing set (y): (30, 1)
2024-04-11 08:11:53,465 - INFO - Preprocessing Done!!!
2024-04-11 08:11:53,465 - INFO - 127.0.0.1 - - [11/Apr/2024 08:11:53] "POST /preprocess HTTP/1.1" 200 -
2024-04-11 08:33:45,660 - INFO - Original shape: (150, 5)
2024-04-11 08:33:45,661 - INFO - Data information: None
2024-04-11 08:33:45,694 - INFO - Training set (X): (120, 4)
2024-04-11 08:33:45,694 - INFO - Testing set (X): (30, 4)
2024-04-11 08:33:45,694 - INFO - Training set (y): (120,)
2024-04-11 08:33:45,696 - INFO - Testing set (y): (30,)
2024-04-11 08:33:45,781 - INFO - EDA Completed, URL: http://DESKTOP-U1Q5OSV:40000
2024-04-11 08:33:45,827 - INFO - Features with high correlation dropped [['petal_width']] with Threshold = 0.9
2024-04-11 08:33:45,842 - INFO - Result: {'object': [], 'numerical': ['sepal_length', 'sepal_width', 'petal_length'], 'datetime': []}
2024-04-11 08:33:45,861 - INFO - Null Columns: {'object': [], 'numerical': []}
2024-04-11 08:33:45,891 - INFO - Outlier Imputation done with Winsorizer
2024-04-11 08:33:45,916 - INFO - Normalization done
2024-04-11 08:33:45,920 - INFO - Training set (X): (120, 3)
2024-04-11 08:33:45,920 - INFO - Testing set (X): (30, 3)
2024-04-11 08:33:45,920 - INFO - Training set (y): (120, 1)
2024-04-11 08:33:45,920 - INFO - Testing set (y): (30, 1)
2024-04-11 08:33:45,975 - INFO - Preprocessing Done!!!
